[1211/175137.348:ERROR:process_memory_win.cc(73)] ReadMemory at 0x7ff732d90000 of 64 bytes failed: Only part of a ReadProcessMemory or WriteProcessMemory request was completed. (0x12B)
[1211/175137.348:WARNING:pe_image_reader.cc(340)] could not read dos header from C:\Program Files (x86)\Google\Chrome\Application\chrome.exe
[1211/175137.348:ERROR:process_memory_win.cc(73)] ReadMemory at 0x7ffd3fc60000 of 64 bytes failed: Only part of a ReadProcessMemory or WriteProcessMemory request was completed. (0x12B)
[1211/175137.348:WARNING:pe_image_reader.cc(340)] could not read dos header from C:\Windows\SYSTEM32\ntdll.dll
[1211/175137.348:ERROR:process_memory_win.cc(73)] ReadMemory at 0x7ffd3ec20000 of 64 bytes failed: Only part of a ReadProcessMemory or WriteProcessMemory request was completed. (0x12B)
[1211/175137.348:WARNING:pe_image_reader.cc(340)] could not read dos header from C:\Windows\System32\KERNEL32.DLL
[1211/175137.348:ERROR:process_memory_win.cc(73)] ReadMemory at 0x7ffd3ce30000 of 64 bytes failed: Only part of a ReadProcessMemory or WriteProcessMemory request was completed. (0x12B)
[1211/175137.348:WARNING:pe_image_reader.cc(340)] could not read dos header from C:\Windows\System32\KERNELBASE.dll
[1211/175137.348:ERROR:process_memory_win.cc(73)] ReadMemory at 0x7ffcec090000 of 64 bytes failed: Only part of a ReadProcessMemory or WriteProcessMemory request was completed. (0x12B)
[1211/175137.348:WARNING:pe_image_reader.cc(340)] could not read dos header from C:\Program Files (x86)\Google\Chrome\Application\78.0.3904.108\chrome_elf.dll
[1211/175137.349:ERROR:process_memory_win.cc(73)] ReadMemory at 0x7ffd30060000 of 64 bytes failed: Only part of a ReadProcessMemory or WriteProcessMemory request was completed. (0x12B)
[1211/175137.349:WARNING:pe_image_reader.cc(340)] could not read dos header from C:\Windows\SYSTEM32\VERSION.dll
[1211/175137.349:ERROR:process_memory_win.cc(73)] ReadMemory at 0x7ffd3f910000 of 64 bytes failed: Only part of a ReadProcessMemory or WriteProcessMemory request was completed. (0x12B)
[1211/175137.349:WARNING:pe_image_reader.cc(340)] could not read dos header from C:\Windows\System32\msvcrt.dll
[1211/175137.349:ERROR:process_memory_win.cc(73)] ReadMemory at 0x7ffd3dc60000 of 64 bytes failed: Only part of a ReadProcessMemory or WriteProcessMemory request was completed. (0x12B)
[1211/175137.349:WARNING:pe_image_reader.cc(340)] could not read dos header from C:\Windows\System32\bcryptPrimitives.dll
[1211/175137.349:ERROR:process_memory_win.cc(73)] ReadMemory at 0x7ffd3e670000 of 64 bytes failed: Only part of a ReadProcessMemory or WriteProcessMemory request was completed. (0x12B)
[1211/175137.349:WARNING:pe_image_reader.cc(340)] could not read dos header from C:\Windows\System32\ADVAPI32.dll
[1211/175137.349:ERROR:process_memory_win.cc(73)] ReadMemory at 0x7ffd3eb20000 of 64 bytes failed: Only part of a ReadProcessMemory or WriteProcessMemory request was completed. (0x12B)
[1211/175137.349:WARNING:pe_image_reader.cc(340)] could not read dos header from C:\Windows\System32\sechost.dll
[1211/175137.349:ERROR:process_memory_win.cc(73)] ReadMemory at 0x7ffd3f420000 of 64 bytes failed: Only part of a ReadProcessMemory or WriteProcessMemory request was completed. (0x12B)
[1211/175137.349:WARNING:pe_image_reader.cc(340)] could not read dos header from C:\Windows\System32\RPCRT4.dll
[1211/175137.349:ERROR:process_memory_win.cc(73)] ReadMemory at 0x7ffcd4160000 of 64 bytes failed: Only part of a ReadProcessMemory or WriteProcessMemory request was completed. (0x12B)
[1211/175137.349:WARNING:pe_image_reader.cc(340)] could not read dos header from C:\Program Files (x86)\Google\Chrome\Application\78.0.3904.108\chrome_child.dll
[1211/175137.349:ERROR:process_memory_win.cc(73)] ReadMemory at 0x7ffd3e880000 of 64 bytes failed: Only part of a ReadProcessMemory or WriteProcessMemory request was completed. (0x12B)
[1211/175137.349:WARNING:pe_image_reader.cc(340)] could not read dos header from C:\Windows\System32\OLEAUT32.dll
[1211/175137.349:ERROR:process_memory_win.cc(73)] ReadMemory at 0x7ffd3cbf0000 of 64 bytes failed: Only part of a ReadProcessMemory or WriteProcessMemory request was completed. (0x12B)
[1211/175137.349:WARNING:pe_image_reader.cc(340)] could not read dos header from C:\Windows\System32\msvcp_win.dll
[1211/175137.349:ERROR:process_memory_win.cc(73)] ReadMemory at 0x7ffd3d1b0000 of 64 bytes failed: Only part of a ReadProcessMemory or WriteProcessMemory request was completed. (0x12B)
[1211/175137.349:WARNING:pe_image_reader.cc(340)] could not read dos header from C:\Windows\System32\ucrtbase.dll
[1211/175137.349:ERROR:process_memory_win.cc(73)] ReadMemory at 0x7ffd3e330000 of 64 bytes failed: Only part of a ReadProcessMemory or WriteProcessMemory request was completed. (0x12B)
[1211/175137.349:WARNING:pe_image_reader.cc(340)] could not read dos header from C:\Windows\System32\combase.dll
[1211/175137.349:ERROR:process_memory_win.cc(73)] ReadMemory at 0x7ffd3f820000 of 64 bytes failed: Only part of a ReadProcessMemory or WriteProcessMemory request was completed. (0x12B)
[1211/175137.349:WARNING:pe_image_reader.cc(340)] could not read dos header from C:\Windows\System32\WS2_32.dll
[1211/175137.349:ERROR:process_memory_win.cc(73)] ReadMemory at 0x7ffd3d100000 of 64 bytes failed: Only part of a ReadProcessMemory or WriteProcessMemory request was completed. (0x12B)
[1211/175137.349:WARNING:pe_image_reader.cc(340)] could not read dos header from C:\Windows\System32\WINTRUST.dll
[1211/175137.349:ERROR:process_memory_win.cc(73)] ReadMemory at 0x7ffd3cbd0000 of 64 bytes failed: Only part of a ReadProcessMemory or WriteProcessMemory request was completed. (0x12B)
[1211/175137.349:WARNING:pe_image_reader.cc(340)] could not read dos header from C:\Windows\System32\MSASN1.dll
[1211/175137.349:ERROR:process_memory_win.cc(73)] ReadMemory at 0x7ffd3da60000 of 64 bytes failed: Only part of a ReadProcessMemory or WriteProcessMemory request was completed. (0x12B)
[1211/175137.349:WARNING:pe_image_reader.cc(340)] could not read dos header from C:\Windows\System32\CRYPT32.dll
[1211/175137.349:ERROR:process_memory_win.cc(73)] ReadMemory at 0x7ffd3c050000 of 64 bytes failed: Only part of a ReadProcessMemory or WriteProcessMemory request was completed. (0x12B)
[1211/175137.349:WARNING:pe_image_reader.cc(340)] could not read dos header from C:\Windows\SYSTEM32\IPHLPAPI.DLL
[1211/175137.349:ERROR:process_memory_win.cc(73)] ReadMemory at 0x7ffd3aaa0000 of 64 bytes failed: Only part of a ReadProcessMemory or WriteProcessMemory request was completed. (0x12B)
[1211/175137.349:WARNING:pe_image_reader.cc(340)] could not read dos header from C:\Windows\SYSTEM32\WINMM.dll
[1211/175137.349:ERROR:process_memory_win.cc(73)] ReadMemory at 0x7ffd3ca50000 of 64 bytes failed: Only part of a ReadProcessMemory or WriteProcessMemory request was completed. (0x12B)
[1211/175137.349:WARNING:pe_image_reader.cc(340)] could not read dos header from C:\Windows\SYSTEM32\USERENV.dll
[1211/175137.349:ERROR:process_memory_win.cc(73)] ReadMemory at 0x7ffd3cb40000 of 64 bytes failed: Only part of a ReadProcessMemory or WriteProcessMemory request was completed. (0x12B)
[1211/175137.349:WARNING:pe_image_reader.cc(340)] could not read dos header from C:\Windows\System32\profapi.dll
[1211/175137.349:ERROR:process_memory_win.cc(73)] ReadMemory at 0x7ffd300e0000 of 64 bytes failed: Only part of a ReadProcessMemory or WriteProcessMemory request was completed. (0x12B)
[1211/175137.349:WARNING:pe_image_reader.cc(340)] could not read dos header from C:\Windows\SYSTEM32\DWrite.dll
[1211/175137.349:ERROR:process_memory_win.cc(73)] ReadMemory at 0x7ffd30ad0000 of 64 bytes failed: Only part of a ReadProcessMemory or WriteProcessMemory request was completed. (0x12B)
[1211/175137.349:WARNING:pe_image_reader.cc(340)] could not read dos header from C:\Windows\SYSTEM32\WINSPOOL.DRV
[1211/175137.349:ERROR:process_memory_win.cc(73)] ReadMemory at 0x7ffd3cb60000 of 64 bytes failed: Only part of a ReadProcessMemory or WriteProcessMemory request was completed. (0x12B)
[1211/175137.349:WARNING:pe_image_reader.cc(340)] could not read dos header from C:\Windows\System32\kernel.appcore.dll
[1211/175137.349:ERROR:process_memory_win.cc(73)] ReadMemory at 0x7ffd3da30000 of 64 bytes failed: Only part of a ReadProcessMemory or WriteProcessMemory request was completed. (0x12B)
[1211/175137.349:WARNING:pe_image_reader.cc(340)] could not read dos header from C:\Windows\System32\bcrypt.dll
[1211/175137.349:ERROR:process_memory_win.cc(73)] ReadMemory at 0x7ffd2bd10000 of 64 bytes failed: Only part of a ReadProcessMemory or WriteProcessMemory request was completed. (0x12B)
[1211/175137.349:WARNING:pe_image_reader.cc(340)] could not read dos header from C:\Windows\SYSTEM32\dbghelp.dll
[1211/175137.350:ERROR:process_memory_win.cc(73)] ReadMemory at 0x7ffd29080000 of 64 bytes failed: Only part of a ReadProcessMemory or WriteProcessMemory request was completed. (0x12B)
[1211/175137.350:WARNING:pe_image_reader.cc(340)] could not read dos header from C:\Windows\SYSTEM32\Secur32.dll
[1211/175137.350:ERROR:process_memory_win.cc(73)] ReadMemory at 0x7ffd303e0000 of 64 bytes failed: Only part of a ReadProcessMemory or WriteProcessMemory request was completed. (0x12B)
[1211/175137.350:WARNING:pe_image_reader.cc(340)] could not read dos header from C:\Windows\SYSTEM32\WINHTTP.dll
[1211/175137.350:ERROR:process_memory_win.cc(73)] ReadMemory at 0x7ffd371b0000 of 64 bytes failed: Only part of a ReadProcessMemory or WriteProcessMemory request was completed. (0x12B)
[1211/175137.350:WARNING:pe_image_reader.cc(340)] could not read dos header from C:\Windows\SYSTEM32\dhcpcsvc.DLL
[1211/175137.350:ERROR:process_memory_win.cc(73)] ReadMemory at 0x7ffd3f890000 of 64 bytes failed: Only part of a ReadProcessMemory or WriteProcessMemory request was completed. (0x12B)
[1211/175137.350:WARNING:pe_image_reader.cc(340)] could not read dos header from C:\Windows\System32\NSI.dll
[1211/175137.350:ERROR:process_memory_win.cc(73)] ReadMemory at 0x7ffd3aa70000 of 64 bytes failed: Only part of a ReadProcessMemory or WriteProcessMemory request was completed. (0x12B)
[1211/175137.350:WARNING:pe_image_reader.cc(340)] could not read dos header from C:\Windows\SYSTEM32\WINMMBASE.dll
[1211/175137.350:ERROR:process_memory_win.cc(73)] ReadMemory at 0x7ffd3d160000 of 64 bytes failed: Only part of a ReadProcessMemory or WriteProcessMemory request was completed. (0x12B)
[1211/175137.350:WARNING:pe_image_reader.cc(340)] could not read dos header from C:\Windows\System32\cfgmgr32.dll
[1211/175137.350:ERROR:process_memory_win.cc(73)] ReadMemory at 0x7ffd394f0000 of 64 bytes failed: Only part of a ReadProcessMemory or WriteProcessMemory request was completed. (0x12B)
[1211/175137.350:WARNING:pe_image_reader.cc(340)] could not read dos header from C:\Windows\SYSTEM32\PROPSYS.dll
[1211/175137.350:ERROR:process_memory_win.cc(73)] ReadMemory at 0x7ffd3fb70000 of 64 bytes failed: Only part of a ReadProcessMemory or WriteProcessMemory request was completed. (0x12B)
[1211/175137.350:WARNING:pe_image_reader.cc(340)] could not read dos header from C:\Windows\System32\shcore.dll
[1211/175137.350:ERROR:process_memory_win.cc(73)] ReadMemory at 0x7ffd3ca20000 of 64 bytes failed: Only part of a ReadProcessMemory or WriteProcessMemory request was completed. (0x12B)
[1211/175137.350:WARNING:pe_image_reader.cc(340)] could not read dos header from C:\Windows\SYSTEM32\SSPICLI.DLL
[1211/175137.350:ERROR:process_memory_win.cc(73)] ReadMemory at 0x7ffd3ca10000 of 64 bytes failed: Only part of a ReadProcessMemory or WriteProcessMemory request was completed. (0x12B)
[1211/175137.350:WARNING:pe_image_reader.cc(340)] could not read dos header from C:\Windows\SYSTEM32\CRYPTBASE.DLL
[1211/175137.350:ERROR:process_memory_win.cc(73)] ReadMemory at 0x7ff732d90000 of 64 bytes failed: Only part of a ReadProcessMemory or WriteProcessMemory request was completed. (0x12B)
[1211/175137.350:WARNING:pe_image_reader.cc(340)] could not read dos header from C:\Program Files (x86)\Google\Chrome\Application\chrome.exe
[1211/175137.350:ERROR:process_memory_win.cc(73)] ReadMemory at 0x7ffd3fc60000 of 64 bytes failed: Only part of a ReadProcessMemory or WriteProcessMemory request was completed. (0x12B)
[1211/175137.350:WARNING:pe_image_reader.cc(340)] could not read dos header from C:\Windows\SYSTEM32\ntdll.dll
[1211/175137.350:ERROR:process_memory_win.cc(73)] ReadMemory at 0x7ffd3ec20000 of 64 bytes failed: Only part of a ReadProcessMemory or WriteProcessMemory request was completed. (0x12B)
[1211/175137.350:WARNING:pe_image_reader.cc(340)] could not read dos header from C:\Windows\System32\KERNEL32.DLL
[1211/175137.350:ERROR:process_memory_win.cc(73)] ReadMemory at 0x7ffd3ce30000 of 64 bytes failed: Only part of a ReadProcessMemory or WriteProcessMemory request was completed. (0x12B)
[1211/175137.350:WARNING:pe_image_reader.cc(340)] could not read dos header from C:\Windows\System32\KERNELBASE.dll
[1211/175137.350:ERROR:process_memory_win.cc(73)] ReadMemory at 0x7ffcec090000 of 64 bytes failed: Only part of a ReadProcessMemory or WriteProcessMemory request was completed. (0x12B)
[1211/175137.350:WARNING:pe_image_reader.cc(340)] could not read dos header from C:\Program Files (x86)\Google\Chrome\Application\78.0.3904.108\chrome_elf.dll
[1211/175137.350:ERROR:process_memory_win.cc(73)] ReadMemory at 0x7ffd30060000 of 64 bytes failed: Only part of a ReadProcessMemory or WriteProcessMemory request was completed. (0x12B)
[1211/175137.350:WARNING:pe_image_reader.cc(340)] could not read dos header from C:\Windows\SYSTEM32\VERSION.dll
[1211/175137.350:ERROR:process_memory_win.cc(73)] ReadMemory at 0x7ffd3f910000 of 64 bytes failed: Only part of a ReadProcessMemory or WriteProcessMemory request was completed. (0x12B)
[1211/175137.350:WARNING:pe_image_reader.cc(340)] could not read dos header from C:\Windows\System32\msvcrt.dll
[1211/175137.350:ERROR:process_memory_win.cc(73)] ReadMemory at 0x7ffd3dc60000 of 64 bytes failed: Only part of a ReadProcessMemory or WriteProcessMemory request was completed. (0x12B)
[1211/175137.350:WARNING:pe_image_reader.cc(340)] could not read dos header from C:\Windows\System32\bcryptPrimitives.dll
[1211/175137.350:ERROR:process_memory_win.cc(73)] ReadMemory at 0x7ffd3e670000 of 64 bytes failed: Only part of a ReadProcessMemory or WriteProcessMemory request was completed. (0x12B)
[1211/175137.350:WARNING:pe_image_reader.cc(340)] could not read dos header from C:\Windows\System32\ADVAPI32.dll
[1211/175137.350:ERROR:process_memory_win.cc(73)] ReadMemory at 0x7ffd3eb20000 of 64 bytes failed: Only part of a ReadProcessMemory or WriteProcessMemory request was completed. (0x12B)
[1211/175137.350:WARNING:pe_image_reader.cc(340)] could not read dos header from C:\Windows\System32\sechost.dll
[1211/175137.350:ERROR:process_memory_win.cc(73)] ReadMemory at 0x7ffd3f420000 of 64 bytes failed: Only part of a ReadProcessMemory or WriteProcessMemory request was completed. (0x12B)
[1211/175137.350:WARNING:pe_image_reader.cc(340)] could not read dos header from C:\Windows\System32\RPCRT4.dll
[1211/175137.350:ERROR:process_memory_win.cc(73)] ReadMemory at 0x7ffcd4160000 of 64 bytes failed: Only part of a ReadProcessMemory or WriteProcessMemory request was completed. (0x12B)
[1211/175137.350:WARNING:pe_image_reader.cc(340)] could not read dos header from C:\Program Files (x86)\Google\Chrome\Application\78.0.3904.108\chrome_child.dll
[1211/175137.350:ERROR:process_memory_win.cc(73)] ReadMemory at 0x7ffd3e880000 of 64 bytes failed: Only part of a ReadProcessMemory or WriteProcessMemory request was completed. (0x12B)
[1211/175137.350:WARNING:pe_image_reader.cc(340)] could not read dos header from C:\Windows\System32\OLEAUT32.dll
[1211/175137.350:ERROR:process_memory_win.cc(73)] ReadMemory at 0x7ffd3cbf0000 of 64 bytes failed: Only part of a ReadProcessMemory or WriteProcessMemory request was completed. (0x12B)
[1211/175137.350:WARNING:pe_image_reader.cc(340)] could not read dos header from C:\Windows\System32\msvcp_win.dll
[1211/175137.350:ERROR:process_memory_win.cc(73)] ReadMemory at 0x7ffd3d1b0000 of 64 bytes failed: Only part of a ReadProcessMemory or WriteProcessMemory request was completed. (0x12B)
[1211/175137.350:WARNING:pe_image_reader.cc(340)] could not read dos header from C:\Windows\System32\ucrtbase.dll
[1211/175137.350:ERROR:process_memory_win.cc(73)] ReadMemory at 0x7ffd3e330000 of 64 bytes failed: Only part of a ReadProcessMemory or WriteProcessMemory request was completed. (0x12B)
[1211/175137.350:WARNING:pe_image_reader.cc(340)] could not read dos header from C:\Windows\System32\combase.dll
[1211/175137.350:ERROR:process_memory_win.cc(73)] ReadMemory at 0x7ffd3f820000 of 64 bytes failed: Only part of a ReadProcessMemory or WriteProcessMemory request was completed. (0x12B)
[1211/175137.350:WARNING:pe_image_reader.cc(340)] could not read dos header from C:\Windows\System32\WS2_32.dll
[1211/175137.351:ERROR:process_memory_win.cc(73)] ReadMemory at 0x7ffd3d100000 of 64 bytes failed: Only part of a ReadProcessMemory or WriteProcessMemory request was completed. (0x12B)
[1211/175137.351:WARNING:pe_image_reader.cc(340)] could not read dos header from C:\Windows\System32\WINTRUST.dll
[1211/175137.351:ERROR:process_memory_win.cc(73)] ReadMemory at 0x7ffd3cbd0000 of 64 bytes failed: Only part of a ReadProcessMemory or WriteProcessMemory request was completed. (0x12B)
[1211/175137.351:WARNING:pe_image_reader.cc(340)] could not read dos header from C:\Windows\System32\MSASN1.dll
[1211/175137.351:ERROR:process_memory_win.cc(73)] ReadMemory at 0x7ffd3da60000 of 64 bytes failed: Only part of a ReadProcessMemory or WriteProcessMemory request was completed. (0x12B)
[1211/175137.351:WARNING:pe_image_reader.cc(340)] could not read dos header from C:\Windows\System32\CRYPT32.dll
[1211/175137.351:ERROR:process_memory_win.cc(73)] ReadMemory at 0x7ffd3c050000 of 64 bytes failed: Only part of a ReadProcessMemory or WriteProcessMemory request was completed. (0x12B)
[1211/175137.351:WARNING:pe_image_reader.cc(340)] could not read dos header from C:\Windows\SYSTEM32\IPHLPAPI.DLL
[1211/175137.351:ERROR:process_memory_win.cc(73)] ReadMemory at 0x7ffd3aaa0000 of 64 bytes failed: Only part of a ReadProcessMemory or WriteProcessMemory request was completed. (0x12B)
[1211/175137.351:WARNING:pe_image_reader.cc(340)] could not read dos header from C:\Windows\SYSTEM32\WINMM.dll
[1211/175137.351:ERROR:process_memory_win.cc(73)] ReadMemory at 0x7ffd3ca50000 of 64 bytes failed: Only part of a ReadProcessMemory or WriteProcessMemory request was completed. (0x12B)
[1211/175137.351:WARNING:pe_image_reader.cc(340)] could not read dos header from C:\Windows\SYSTEM32\USERENV.dll
[1211/175137.351:ERROR:process_memory_win.cc(73)] ReadMemory at 0x7ffd3cb40000 of 64 bytes failed: Only part of a ReadProcessMemory or WriteProcessMemory request was completed. (0x12B)
[1211/175137.351:WARNING:pe_image_reader.cc(340)] could not read dos header from C:\Windows\System32\profapi.dll
[1211/175137.351:ERROR:process_memory_win.cc(73)] ReadMemory at 0x7ffd300e0000 of 64 bytes failed: Only part of a ReadProcessMemory or WriteProcessMemory request was completed. (0x12B)
[1211/175137.351:WARNING:pe_image_reader.cc(340)] could not read dos header from C:\Windows\SYSTEM32\DWrite.dll
[1211/175137.351:ERROR:process_memory_win.cc(73)] ReadMemory at 0x7ffd30ad0000 of 64 bytes failed: Only part of a ReadProcessMemory or WriteProcessMemory request was completed. (0x12B)
[1211/175137.351:WARNING:pe_image_reader.cc(340)] could not read dos header from C:\Windows\SYSTEM32\WINSPOOL.DRV
[1211/175137.351:ERROR:process_memory_win.cc(73)] ReadMemory at 0x7ffd3cb60000 of 64 bytes failed: Only part of a ReadProcessMemory or WriteProcessMemory request was completed. (0x12B)
[1211/175137.351:WARNING:pe_image_reader.cc(340)] could not read dos header from C:\Windows\System32\kernel.appcore.dll
[1211/175137.351:ERROR:process_memory_win.cc(73)] ReadMemory at 0x7ffd3da30000 of 64 bytes failed: Only part of a ReadProcessMemory or WriteProcessMemory request was completed. (0x12B)
[1211/175137.351:WARNING:pe_image_reader.cc(340)] could not read dos header from C:\Windows\System32\bcrypt.dll
[1211/175137.351:ERROR:process_memory_win.cc(73)] ReadMemory at 0x7ffd2bd10000 of 64 bytes failed: Only part of a ReadProcessMemory or WriteProcessMemory request was completed. (0x12B)
[1211/175137.351:WARNING:pe_image_reader.cc(340)] could not read dos header from C:\Windows\SYSTEM32\dbghelp.dll
[1211/175137.351:ERROR:process_memory_win.cc(73)] ReadMemory at 0x7ffd29080000 of 64 bytes failed: Only part of a ReadProcessMemory or WriteProcessMemory request was completed. (0x12B)
[1211/175137.351:WARNING:pe_image_reader.cc(340)] could not read dos header from C:\Windows\SYSTEM32\Secur32.dll
[1211/175137.351:ERROR:process_memory_win.cc(73)] ReadMemory at 0x7ffd303e0000 of 64 bytes failed: Only part of a ReadProcessMemory or WriteProcessMemory request was completed. (0x12B)
[1211/175137.351:WARNING:pe_image_reader.cc(340)] could not read dos header from C:\Windows\SYSTEM32\WINHTTP.dll
[1211/175137.351:ERROR:process_memory_win.cc(73)] ReadMemory at 0x7ffd371b0000 of 64 bytes failed: Only part of a ReadProcessMemory or WriteProcessMemory request was completed. (0x12B)
[1211/175137.351:WARNING:pe_image_reader.cc(340)] could not read dos header from C:\Windows\SYSTEM32\dhcpcsvc.DLL
[1211/175137.351:ERROR:process_memory_win.cc(73)] ReadMemory at 0x7ffd3f890000 of 64 bytes failed: Only part of a ReadProcessMemory or WriteProcessMemory request was completed. (0x12B)
[1211/175137.351:WARNING:pe_image_reader.cc(340)] could not read dos header from C:\Windows\System32\NSI.dll
[1211/175137.351:ERROR:process_memory_win.cc(73)] ReadMemory at 0x7ffd3aa70000 of 64 bytes failed: Only part of a ReadProcessMemory or WriteProcessMemory request was completed. (0x12B)
[1211/175137.351:WARNING:pe_image_reader.cc(340)] could not read dos header from C:\Windows\SYSTEM32\WINMMBASE.dll
[1211/175137.351:ERROR:process_memory_win.cc(73)] ReadMemory at 0x7ffd3d160000 of 64 bytes failed: Only part of a ReadProcessMemory or WriteProcessMemory request was completed. (0x12B)
[1211/175137.351:WARNING:pe_image_reader.cc(340)] could not read dos header from C:\Windows\System32\cfgmgr32.dll
[1211/175137.351:ERROR:process_memory_win.cc(73)] ReadMemory at 0x7ffd394f0000 of 64 bytes failed: Only part of a ReadProcessMemory or WriteProcessMemory request was completed. (0x12B)
[1211/175137.351:WARNING:pe_image_reader.cc(340)] could not read dos header from C:\Windows\SYSTEM32\PROPSYS.dll
[1211/175137.351:ERROR:process_memory_win.cc(73)] ReadMemory at 0x7ffd3fb70000 of 64 bytes failed: Only part of a ReadProcessMemory or WriteProcessMemory request was completed. (0x12B)
[1211/175137.351:WARNING:pe_image_reader.cc(340)] could not read dos header from C:\Windows\System32\shcore.dll
[1211/175137.352:ERROR:process_memory_win.cc(73)] ReadMemory at 0x7ffd3ca20000 of 64 bytes failed: Only part of a ReadProcessMemory or WriteProcessMemory request was completed. (0x12B)
[1211/175137.352:WARNING:pe_image_reader.cc(340)] could not read dos header from C:\Windows\SYSTEM32\SSPICLI.DLL
[1211/175137.352:ERROR:process_memory_win.cc(73)] ReadMemory at 0x7ffd3ca10000 of 64 bytes failed: Only part of a ReadProcessMemory or WriteProcessMemory request was completed. (0x12B)
[1211/175137.352:WARNING:pe_image_reader.cc(340)] could not read dos header from C:\Windows\SYSTEM32\CRYPTBASE.DLL
[1211/175137.356:ERROR:process_memory_win.cc(73)] ReadMemory at 0x65a57f9000 of 28672 bytes failed: Only part of a ReadProcessMemory or WriteProcessMemory request was completed. (0x12B)
[1211/175137.356:ERROR:process_memory_win.cc(73)] ReadMemory at 0x65a5ffd000 of 12288 bytes failed: Only part of a ReadProcessMemory or WriteProcessMemory request was completed. (0x12B)
[1211/175137.356:ERROR:process_memory_win.cc(73)] ReadMemory at 0x65a67fd000 of 12288 bytes failed: Only part of a ReadProcessMemory or WriteProcessMemory request was completed. (0x12B)
[1211/175137.356:ERROR:process_memory_win.cc(73)] ReadMemory at 0x65a6ffc000 of 16384 bytes failed: Only part of a ReadProcessMemory or WriteProcessMemory request was completed. (0x12B)
[1211/175137.357:ERROR:process_memory_win.cc(73)] ReadMemory at 0x65a77fc000 of 16384 bytes failed: Only part of a ReadProcessMemory or WriteProcessMemory request was completed. (0x12B)
[1211/175137.357:ERROR:process_memory_win.cc(73)] ReadMemory at 0x65a7ffe000 of 8192 bytes failed: Only part of a ReadProcessMemory or WriteProcessMemory request was completed. (0x12B)
[1211/175137.357:ERROR:process_memory_win.cc(73)] ReadMemory at 0x65a87fd000 of 12288 bytes failed: Only part of a ReadProcessMemory or WriteProcessMemory request was completed. (0x12B)
[1211/175137.357:ERROR:process_memory_win.cc(73)] ReadMemory at 0x65a8ffd000 of 12288 bytes failed: Only part of a ReadProcessMemory or WriteProcessMemory request was completed. (0x12B)
[1211/175137.357:ERROR:process_memory_win.cc(73)] ReadMemory at 0x65a97fd000 of 12288 bytes failed: Only part of a ReadProcessMemory or WriteProcessMemory request was completed. (0x12B)
[1211/175137.357:ERROR:process_memory_win.cc(73)] ReadMemory at 0x65a9ffd000 of 12288 bytes failed: Only part of a ReadProcessMemory or WriteProcessMemory request was completed. (0x12B)
[1211/175137.357:ERROR:process_memory_win.cc(73)] ReadMemory at 0x65aa7fd000 of 12288 bytes failed: Only part of a ReadProcessMemory or WriteProcessMemory request was completed. (0x12B)
[1211/175137.357:ERROR:process_memory_win.cc(73)] ReadMemory at 0x65aaffd000 of 12288 bytes failed: Only part of a ReadProcessMemory or WriteProcessMemory request was completed. (0x12B)
[1211/175137.357:ERROR:process_memory_win.cc(73)] ReadMemory at 0x65ab7fd000 of 12288 bytes failed: Only part of a ReadProcessMemory or WriteProcessMemory request was completed. (0x12B)
[1211/175137.357:ERROR:process_memory_win.cc(73)] ReadMemory at 0x65abffd000 of 12288 bytes failed: Only part of a ReadProcessMemory or WriteProcessMemory request was completed. (0x12B)
[1211/175137.357:ERROR:process_memory_win.cc(73)] ReadMemory at 0x65a4e08000 of 852 bytes failed: Only part of a ReadProcessMemory or WriteProcessMemory request was completed. (0x12B)
[1211/175137.357:ERROR:process_memory_win.cc(73)] ReadMemory at 0x65a4e09000 of 6024 bytes failed: Only part of a ReadProcessMemory or WriteProcessMemory request was completed. (0x12B)
[1211/175137.357:ERROR:process_memory_win.cc(73)] ReadMemory at 0x65a4e0b000 of 6024 bytes failed: Only part of a ReadProcessMemory or WriteProcessMemory request was completed. (0x12B)
[1211/175137.357:ERROR:process_memory_win.cc(73)] ReadMemory at 0x65a4e0d000 of 6024 bytes failed: Only part of a ReadProcessMemory or WriteProcessMemory request was completed. (0x12B)
[1211/175137.357:ERROR:process_memory_win.cc(73)] ReadMemory at 0x65a4e0f000 of 6024 bytes failed: Only part of a ReadProcessMemory or WriteProcessMemory request was completed. (0x12B)
[1211/175137.358:ERROR:process_memory_win.cc(73)] ReadMemory at 0x65a4e11000 of 6024 bytes failed: Only part of a ReadProcessMemory or WriteProcessMemory request was completed. (0x12B)
[1211/175137.358:ERROR:process_memory_win.cc(73)] ReadMemory at 0x65a4e13000 of 6024 bytes failed: Only part of a ReadProcessMemory or WriteProcessMemory request was completed. (0x12B)
[1211/175137.358:ERROR:process_memory_win.cc(73)] ReadMemory at 0x65a4e15000 of 6024 bytes failed: Only part of a ReadProcessMemory or WriteProcessMemory request was completed. (0x12B)
[1211/175137.358:ERROR:process_memory_win.cc(73)] ReadMemory at 0x65a4e17000 of 6024 bytes failed: Only part of a ReadProcessMemory or WriteProcessMemory request was completed. (0x12B)
[1211/175137.358:ERROR:process_memory_win.cc(73)] ReadMemory at 0x65a4e19000 of 6024 bytes failed: Only part of a ReadProcessMemory or WriteProcessMemory request was completed. (0x12B)
[1211/175137.358:ERROR:process_memory_win.cc(73)] ReadMemory at 0x65a4e1b000 of 6024 bytes failed: Only part of a ReadProcessMemory or WriteProcessMemory request was completed. (0x12B)
[1211/175137.358:ERROR:process_memory_win.cc(73)] ReadMemory at 0x65a4e1d000 of 6024 bytes failed: Only part of a ReadProcessMemory or WriteProcessMemory request was completed. (0x12B)
[1211/175137.358:ERROR:process_memory_win.cc(73)] ReadMemory at 0x65a4e1f000 of 6024 bytes failed: Only part of a ReadProcessMemory or WriteProcessMemory request was completed. (0x12B)
[1211/175137.358:ERROR:process_memory_win.cc(73)] ReadMemory at 0x65a4e21000 of 6024 bytes failed: Only part of a ReadProcessMemory or WriteProcessMemory request was completed. (0x12B)
[1211/175137.358:ERROR:process_memory_win.cc(73)] ReadMemory at 0x65a4e23000 of 6024 bytes failed: Only part of a ReadProcessMemory or WriteProcessMemory request was completed. (0x12B)
[1211/175137.358:ERROR:process_memory_win.cc(73)] ReadMemory at 0x25f59c60750 of 80 bytes failed: Only part of a ReadProcessMemory or WriteProcessMemory request was completed. (0x12B)
[1211/175137.358:ERROR:process_memory_win.cc(73)] ReadMemory at 0x25f59c60fe0 of 6118 bytes failed: Only part of a ReadProcessMemory or WriteProcessMemory request was completed. (0x12B)
[1211/175137.358:ERROR:process_memory_win.cc(73)] ReadMemory at 0x25f59c627d0 of 1012 bytes failed: Only part of a ReadProcessMemory or WriteProcessMemory request was completed. (0x12B)
[1211/175137.358:ERROR:process_memory_win.cc(73)] ReadMemory at 0x25f59c62e18 of 118 bytes failed: Only part of a ReadProcessMemory or WriteProcessMemory request was completed. (0x12B)
[1211/175137.358:ERROR:process_memory_win.cc(73)] ReadMemory at 0x25f59c62e90 of 860 bytes failed: Only part of a ReadProcessMemory or WriteProcessMemory request was completed. (0x12B)
[1211/175137.358:ERROR:process_memory_win.cc(73)] ReadMemory at 0x25f59c631ee of 118 bytes failed: Only part of a ReadProcessMemory or WriteProcessMemory request was completed. (0x12B)
[1211/175137.358:ERROR:process_memory_win.cc(73)] ReadMemory at 0x25f59c63266 of 100 bytes failed: Only part of a ReadProcessMemory or WriteProcessMemory request was completed. (0x12B)
[1211/175137.358:ERROR:process_memory_win.cc(73)] ReadMemory at 0x25f59c632e0 of 58 bytes failed: Only part of a ReadProcessMemory or WriteProcessMemory request was completed. (0x12B)
[1211/175137.358:ERROR:process_memory_win.cc(73)] ReadMemory at 0x25f59c633e0 of 132 bytes failed: Only part of a ReadProcessMemory or WriteProcessMemory request was completed. (0x12B)
[1211/175137.358:ERROR:process_memory_win.cc(73)] ReadMemory at 0x25f59c63570 of 132 bytes failed: Only part of a ReadProcessMemory or WriteProcessMemory request was completed. (0x12B)
[1211/175137.358:ERROR:process_memory_win.cc(73)] ReadMemory at 0x25f59c63730 of 126 bytes failed: Only part of a ReadProcessMemory or WriteProcessMemory request was completed. (0x12B)
[1211/175137.358:ERROR:process_memory_win.cc(73)] ReadMemory at 0x25f59c63b10 of 132 bytes failed: Only part of a ReadProcessMemory or WriteProcessMemory request was completed. (0x12B)
[1211/175137.358:ERROR:process_memory_win.cc(73)] ReadMemory at 0x25f59c63ca0 of 64 bytes failed: Only part of a ReadProcessMemory or WriteProcessMemory request was completed. (0x12B)
[1211/175137.358:ERROR:process_memory_win.cc(73)] ReadMemory at 0x25f59c63e60 of 132 bytes failed: Only part of a ReadProcessMemory or WriteProcessMemory request was completed. (0x12B)
[1211/175137.359:ERROR:process_memory_win.cc(73)] ReadMemory at 0x25f59c64100 of 132 bytes failed: Only part of a ReadProcessMemory or WriteProcessMemory request was completed. (0x12B)
[1211/175137.359:ERROR:process_memory_win.cc(73)] ReadMemory at 0x25f59c64290 of 68 bytes failed: Only part of a ReadProcessMemory or WriteProcessMemory request was completed. (0x12B)
[1211/175137.359:ERROR:process_memory_win.cc(73)] ReadMemory at 0x25f59c65390 of 132 bytes failed: Only part of a ReadProcessMemory or WriteProcessMemory request was completed. (0x12B)
[1211/175137.359:ERROR:process_memory_win.cc(73)] ReadMemory at 0x25f59c65520 of 154 bytes failed: Only part of a ReadProcessMemory or WriteProcessMemory request was completed. (0x12B)
[1211/175137.361:ERROR:process_memory_win.cc(73)] ReadMemory at 0x25f59c66320 of 62 bytes failed: Only part of a ReadProcessMemory or WriteProcessMemory request was completed. (0x12B)
[1211/175137.361:ERROR:process_memory_win.cc(73)] ReadMemory at 0x25f59c663a0 of 158 bytes failed: Only part of a ReadProcessMemory or WriteProcessMemory request was completed. (0x12B)
[1211/175137.361:ERROR:process_memory_win.cc(73)] ReadMemory at 0x25f59c66480 of 132 bytes failed: Only part of a ReadProcessMemory or WriteProcessMemory request was completed. (0x12B)
[1211/175137.361:ERROR:process_memory_win.cc(73)] ReadMemory at 0x25f59c66610 of 60 bytes failed: Only part of a ReadProcessMemory or WriteProcessMemory request was completed. (0x12B)
[1211/175137.361:ERROR:process_memory_win.cc(73)] ReadMemory at 0x25f59c66790 of 132 bytes failed: Only part of a ReadProcessMemory or WriteProcessMemory request was completed. (0x12B)
[1211/175137.361:ERROR:process_memory_win.cc(73)] ReadMemory at 0x25f59c6730c of 512 bytes failed: Only part of a ReadProcessMemory or WriteProcessMemory request was completed. (0x12B)
[1211/175137.361:ERROR:process_memory_win.cc(73)] ReadMemory at 0x25f59c67eb0 of 512 bytes failed: Only part of a ReadProcessMemory or WriteProcessMemory request was completed. (0x12B)
[1211/175137.361:ERROR:process_memory_win.cc(73)] ReadMemory at 0x25f59c68270 of 132 bytes failed: Only part of a ReadProcessMemory or WriteProcessMemory request was completed. (0x12B)
[1211/175137.362:ERROR:process_memory_win.cc(73)] ReadMemory at 0x25f59c6b170 of 66 bytes failed: Only part of a ReadProcessMemory or WriteProcessMemory request was completed. (0x12B)
[1211/175137.362:ERROR:process_memory_win.cc(73)] ReadMemory at 0x25f59c6b210 of 64 bytes failed: Only part of a ReadProcessMemory or WriteProcessMemory request was completed. (0x12B)
[1211/175137.362:ERROR:process_memory_win.cc(73)] ReadMemory at 0x25f59c6b2b0 of 64 bytes failed: Only part of a ReadProcessMemory or WriteProcessMemory request was completed. (0x12B)
[1211/175137.362:ERROR:process_memory_win.cc(73)] ReadMemory at 0x25f59c6b350 of 60 bytes failed: Only part of a ReadProcessMemory or WriteProcessMemory request was completed. (0x12B)
[1211/175137.362:ERROR:process_memory_win.cc(73)] ReadMemory at 0x25f59c6b3a0 of 64 bytes failed: Only part of a ReadProcessMemory or WriteProcessMemory request was completed. (0x12B)
[1211/175137.362:ERROR:process_memory_win.cc(73)] ReadMemory at 0x25f59c6b620 of 62 bytes failed: Only part of a ReadProcessMemory or WriteProcessMemory request was completed. (0x12B)
[1211/175137.362:ERROR:process_memory_win.cc(73)] ReadMemory at 0x25f59c6b670 of 64 bytes failed: Only part of a ReadProcessMemory or WriteProcessMemory request was completed. (0x12B)
[1211/175137.362:ERROR:process_memory_win.cc(73)] ReadMemory at 0x25f59c6b6c0 of 62 bytes failed: Only part of a ReadProcessMemory or WriteProcessMemory request was completed. (0x12B)
[1211/175137.362:ERROR:process_memory_win.cc(73)] ReadMemory at 0x25f59c6b7b0 of 60 bytes failed: Only part of a ReadProcessMemory or WriteProcessMemory request was completed. (0x12B)
[1211/175137.362:ERROR:process_memory_win.cc(73)] ReadMemory at 0x25f59c6baa0 of 76 bytes failed: Only part of a ReadProcessMemory or WriteProcessMemory request was completed. (0x12B)
[1211/175137.362:ERROR:process_memory_win.cc(73)] ReadMemory at 0x25f59c6e2b0 of 132 bytes failed: Only part of a ReadProcessMemory or WriteProcessMemory request was completed. (0x12B)
[1211/175137.362:ERROR:process_memory_win.cc(73)] ReadMemory at 0x25f59c6e4c0 of 132 bytes failed: Only part of a ReadProcessMemory or WriteProcessMemory request was completed. (0x12B)
[1211/175137.362:ERROR:process_memory_win.cc(73)] ReadMemory at 0x25f59c6f770 of 54 bytes failed: Only part of a ReadProcessMemory or WriteProcessMemory request was completed. (0x12B)
[1211/175137.362:ERROR:process_memory_win.cc(73)] ReadMemory at 0x25f59c6fd20 of 132 bytes failed: Only part of a ReadProcessMemory or WriteProcessMemory request was completed. (0x12B)
[1211/175137.362:ERROR:process_memory_win.cc(73)] ReadMemory at 0x25f59c6fe50 of 132 bytes failed: Only part of a ReadProcessMemory or WriteProcessMemory request was completed. (0x12B)
[1211/175137.362:ERROR:process_memory_win.cc(73)] ReadMemory at 0x25f59c70840 of 132 bytes failed: Only part of a ReadProcessMemory or WriteProcessMemory request was completed. (0x12B)
[1211/175137.362:ERROR:process_memory_win.cc(73)] ReadMemory at 0x25f59c70970 of 132 bytes failed: Only part of a ReadProcessMemory or WriteProcessMemory request was completed. (0x12B)
[1211/175137.362:ERROR:process_memory_win.cc(73)] ReadMemory at 0x25f59c72ac0 of 132 bytes failed: Only part of a ReadProcessMemory or WriteProcessMemory request was completed. (0x12B)
[1211/175137.362:ERROR:process_memory_win.cc(73)] ReadMemory at 0x25f59c72e70 of 132 bytes failed: Only part of a ReadProcessMemory or WriteProcessMemory request was completed. (0x12B)
[1211/175137.362:ERROR:process_memory_win.cc(73)] ReadMemory at 0x25f59c74ab0 of 132 bytes failed: Only part of a ReadProcessMemory or WriteProcessMemory request was completed. (0x12B)
[1211/175137.362:ERROR:process_memory_win.cc(73)] ReadMemory at 0x25f59c74be0 of 132 bytes failed: Only part of a ReadProcessMemory or WriteProcessMemory request was completed. (0x12B)
[1211/175137.362:ERROR:process_memory_win.cc(73)] ReadMemory at 0x25f59c74d10 of 132 bytes failed: Only part of a ReadProcessMemory or WriteProcessMemory request was completed. (0x12B)
[1211/175137.362:ERROR:process_memory_win.cc(73)] ReadMemory at 0x25f59c74e40 of 132 bytes failed: Only part of a ReadProcessMemory or WriteProcessMemory request was completed. (0x12B)
[1211/175137.363:ERROR:process_memory_win.cc(73)] ReadMemory at 0x25f59c74f70 of 132 bytes failed: Only part of a ReadProcessMemory or WriteProcessMemory request was completed. (0x12B)
[1211/175137.363:ERROR:process_memory_win.cc(73)] ReadMemory at 0x25f59c750a0 of 132 bytes failed: Only part of a ReadProcessMemory or WriteProcessMemory request was completed. (0x12B)
[1211/175137.363:ERROR:process_memory_win.cc(73)] ReadMemory at 0x25f59c751d0 of 132 bytes failed: Only part of a ReadProcessMemory or WriteProcessMemory request was completed. (0x12B)
[1211/175137.363:ERROR:process_memory_win.cc(73)] ReadMemory at 0x25f59c75300 of 132 bytes failed: Only part of a ReadProcessMemory or WriteProcessMemory request was completed. (0x12B)
[1211/175137.363:ERROR:process_memory_win.cc(73)] ReadMemory at 0x25f59c75430 of 132 bytes failed: Only part of a ReadProcessMemory or WriteProcessMemory request was completed. (0x12B)
[1211/175137.363:ERROR:process_memory_win.cc(73)] ReadMemory at 0x25f59c75560 of 132 bytes failed: Only part of a ReadProcessMemory or WriteProcessMemory request was completed. (0x12B)
[1211/175137.363:ERROR:process_memory_win.cc(73)] ReadMemory at 0x25f59c75690 of 132 bytes failed: Only part of a ReadProcessMemory or WriteProcessMemory request was completed. (0x12B)
[1211/175137.363:ERROR:process_memory_win.cc(73)] ReadMemory at 0x25f59c757c0 of 132 bytes failed: Only part of a ReadProcessMemory or WriteProcessMemory request was completed. (0x12B)
[1211/175137.363:ERROR:process_memory_win.cc(73)] ReadMemory at 0x25f59c75ce0 of 60 bytes failed: Only part of a ReadProcessMemory or WriteProcessMemory request was completed. (0x12B)
[1211/175137.363:ERROR:process_memory_win.cc(73)] ReadMemory at 0x25f59c75e70 of 62 bytes failed: Only part of a ReadProcessMemory or WriteProcessMemory request was completed. (0x12B)
[1211/175137.363:ERROR:process_memory_win.cc(73)] ReadMemory at 0x25f59c75ec0 of 60 bytes failed: Only part of a ReadProcessMemory or WriteProcessMemory request was completed. (0x12B)
[1211/175137.363:ERROR:process_memory_win.cc(73)] ReadMemory at 0x25f59c75fb0 of 62 bytes failed: Only part of a ReadProcessMemory or WriteProcessMemory request was completed. (0x12B)
[1211/175137.363:ERROR:process_memory_win.cc(73)] ReadMemory at 0x25f59c76000 of 62 bytes failed: Only part of a ReadProcessMemory or WriteProcessMemory request was completed. (0x12B)
[1211/175137.363:ERROR:process_memory_win.cc(73)] ReadMemory at 0x25f59c76190 of 62 bytes failed: Only part of a ReadProcessMemory or WriteProcessMemory request was completed. (0x12B)
[1211/175137.363:ERROR:process_memory_win.cc(73)] ReadMemory at 0x25f59c761e0 of 62 bytes failed: Only part of a ReadProcessMemory or WriteProcessMemory request was completed. (0x12B)
[1211/175137.363:ERROR:process_memory_win.cc(73)] ReadMemory at 0x25f59c76230 of 64 bytes failed: Only part of a ReadProcessMemory or WriteProcessMemory request was completed. (0x12B)
[1211/175137.363:ERROR:process_memory_win.cc(73)] ReadMemory at 0x25f59c762d0 of 64 bytes failed: Only part of a ReadProcessMemory or WriteProcessMemory request was completed. (0x12B)
[1211/175137.363:ERROR:process_memory_win.cc(73)] ReadMemory at 0x25f59c763c0 of 62 bytes failed: Only part of a ReadProcessMemory or WriteProcessMemory request was completed. (0x12B)
[1211/175137.363:ERROR:process_memory_win.cc(73)] ReadMemory at 0x25f59c76410 of 64 bytes failed: Only part of a ReadProcessMemory or WriteProcessMemory request was completed. (0x12B)
[1211/175137.363:ERROR:process_memory_win.cc(73)] ReadMemory at 0x25f59c76460 of 66 bytes failed: Only part of a ReadProcessMemory or WriteProcessMemory request was completed. (0x12B)
[1211/175137.363:ERROR:process_memory_win.cc(73)] ReadMemory at 0x25f59c76640 of 64 bytes failed: Only part of a ReadProcessMemory or WriteProcessMemory request was completed. (0x12B)
[1211/175137.363:ERROR:process_memory_win.cc(73)] ReadMemory at 0x25f59c768c0 of 62 bytes failed: Only part of a ReadProcessMemory or WriteProcessMemory request was completed. (0x12B)
[1211/175137.363:ERROR:process_memory_win.cc(73)] ReadMemory at 0x25f59c76910 of 60 bytes failed: Only part of a ReadProcessMemory or WriteProcessMemory request was completed. (0x12B)
[1211/175137.363:ERROR:process_memory_win.cc(73)] ReadMemory at 0x25f59c76a50 of 62 bytes failed: Only part of a ReadProcessMemory or WriteProcessMemory request was completed. (0x12B)
[1211/175137.363:ERROR:process_memory_win.cc(73)] ReadMemory at 0x25f59c76aa0 of 58 bytes failed: Only part of a ReadProcessMemory or WriteProcessMemory request was completed. (0x12B)
[1211/175137.363:ERROR:process_memory_win.cc(73)] ReadMemory at 0x25f59c76b40 of 60 bytes failed: Only part of a ReadProcessMemory or WriteProcessMemory request was completed. (0x12B)
[1211/175137.364:ERROR:process_memory_win.cc(73)] ReadMemory at 0x25f59c78240 of 132 bytes failed: Only part of a ReadProcessMemory or WriteProcessMemory request was completed. (0x12B)
[1211/175137.364:ERROR:process_memory_win.cc(73)] ReadMemory at 0x25f59c78370 of 132 bytes failed: Only part of a ReadProcessMemory or WriteProcessMemory request was completed. (0x12B)
[1211/175137.364:ERROR:process_memory_win.cc(73)] ReadMemory at 0x25f59c78830 of 132 bytes failed: Only part of a ReadProcessMemory or WriteProcessMemory request was completed. (0x12B)
[1211/175137.364:ERROR:process_memory_win.cc(73)] ReadMemory at 0x25f59c78bc0 of 132 bytes failed: Only part of a ReadProcessMemory or WriteProcessMemory request was completed. (0x12B)
[1211/175137.364:ERROR:process_memory_win.cc(73)] ReadMemory at 0x25f59c78cf0 of 132 bytes failed: Only part of a ReadProcessMemory or WriteProcessMemory request was completed. (0x12B)
[1211/175137.364:ERROR:process_memory_win.cc(73)] ReadMemory at 0x25f59c78e20 of 132 bytes failed: Only part of a ReadProcessMemory or WriteProcessMemory request was completed. (0x12B)
[1211/175137.364:ERROR:process_memory_win.cc(73)] ReadMemory at 0x25f59c79080 of 132 bytes failed: Only part of a ReadProcessMemory or WriteProcessMemory request was completed. (0x12B)
[1211/175137.364:ERROR:process_memory_win.cc(73)] ReadMemory at 0x25f59c791b0 of 132 bytes failed: Only part of a ReadProcessMemory or WriteProcessMemory request was completed. (0x12B)
[1211/175137.364:ERROR:process_memory_win.cc(73)] ReadMemory at 0x25f59c792e0 of 132 bytes failed: Only part of a ReadProcessMemory or WriteProcessMemory request was completed. (0x12B)
[1211/175137.364:ERROR:process_memory_win.cc(73)] ReadMemory at 0x25f59c8c800 of 512 bytes failed: Only part of a ReadProcessMemory or WriteProcessMemory request was completed. (0x12B)
[1211/175137.364:ERROR:process_memory_win.cc(73)] ReadMemory at 0x25f59dc0040 of 512 bytes failed: Only part of a ReadProcessMemory or WriteProcessMemory request was completed. (0x12B)
[1211/175137.364:ERROR:process_memory_win.cc(73)] ReadMemory at 0x25f59dc19c0 of 512 bytes failed: Only part of a ReadProcessMemory or WriteProcessMemory request was completed. (0x12B)
[1211/175137.364:ERROR:process_memory_win.cc(73)] ReadMemory at 0x25f59f80248 of 512 bytes failed: Only part of a ReadProcessMemory or WriteProcessMemory request was completed. (0x12B)
[1211/175137.364:ERROR:process_memory_win.cc(73)] ReadMemory at 0x25f5a0d75c0 of 512 bytes failed: Only part of a ReadProcessMemory or WriteProcessMemory request was completed. (0x12B)
[1211/175137.365:ERROR:process_memory_win.cc(73)] ReadMemory at 0x25f5a0d7f80 of 512 bytes failed: Only part of a ReadProcessMemory or WriteProcessMemory request was completed. (0x12B)
[1211/175137.365:ERROR:process_memory_win.cc(73)] ReadMemory at 0x25f5a0e4de0 of 512 bytes failed: Only part of a ReadProcessMemory or WriteProcessMemory request was completed. (0x12B)
[1211/175137.365:ERROR:process_memory_win.cc(73)] ReadMemory at 0x25f5a0e7048 of 512 bytes failed: Only part of a ReadProcessMemory or WriteProcessMemory request was completed. (0x12B)
[1211/175137.365:ERROR:process_memory_win.cc(73)] ReadMemory at 0x25f5a1170d0 of 712 bytes failed: Only part of a ReadProcessMemory or WriteProcessMemory request was completed. (0x12B)
[1211/175137.365:ERROR:process_memory_win.cc(73)] ReadMemory at 0x25f5bee28e0 of 512 bytes failed: Only part of a ReadProcessMemory or WriteProcessMemory request was completed. (0x12B)
[1211/175137.365:ERROR:process_memory_win.cc(73)] ReadMemory at 0x25f5bee6868 of 512 bytes failed: Only part of a ReadProcessMemory or WriteProcessMemory request was completed. (0x12B)
[1211/175137.365:ERROR:process_memory_win.cc(73)] ReadMemory at 0x25f5bf47e68 of 512 bytes failed: Only part of a ReadProcessMemory or WriteProcessMemory request was completed. (0x12B)
[1211/175137.365:ERROR:process_memory_win.cc(73)] ReadMemory at 0x25f5bf49188 of 512 bytes failed: Only part of a ReadProcessMemory or WriteProcessMemory request was completed. (0x12B)
[1211/175137.365:ERROR:process_memory_win.cc(73)] ReadMemory at 0x25f5c0195d0 of 512 bytes failed: Only part of a ReadProcessMemory or WriteProcessMemory request was completed. (0x12B)
[1211/175137.365:ERROR:process_memory_win.cc(73)] ReadMemory at 0x25f5c019c30 of 512 bytes failed: Only part of a ReadProcessMemory or WriteProcessMemory request was completed. (0x12B)
[1211/175137.365:ERROR:process_memory_win.cc(73)] ReadMemory at 0x25f5c01e520 of 512 bytes failed: Only part of a ReadProcessMemory or WriteProcessMemory request was completed. (0x12B)
[1211/175137.365:ERROR:process_memory_win.cc(73)] ReadMemory at 0x25f5c0828f0 of 512 bytes failed: Only part of a ReadProcessMemory or WriteProcessMemory request was completed. (0x12B)
[1211/175137.365:ERROR:process_memory_win.cc(73)] ReadMemory at 0x25f5c395448 of 512 bytes failed: Only part of a ReadProcessMemory or WriteProcessMemory request was completed. (0x12B)
[1211/175137.365:ERROR:process_memory_win.cc(73)] ReadMemory at 0xcc6f12826b0 of 512 bytes failed: Only part of a ReadProcessMemory or WriteProcessMemory request was completed. (0x12B)
[1211/175137.365:ERROR:process_memory_win.cc(73)] ReadMemory at 0x7ffcd5bec62c of 512 bytes failed: Only part of a ReadProcessMemory or WriteProcessMemory request was completed. (0x12B)
[1211/175137.365:ERROR:process_memory_win.cc(73)] ReadMemory at 0x7ffcd6355294 of 553 bytes failed: Only part of a ReadProcessMemory or WriteProcessMemory request was completed. (0x12B)
[1211/175137.365:ERROR:process_memory_win.cc(73)] ReadMemory at 0x7ffcd856db50 of 512 bytes failed: Only part of a ReadProcessMemory or WriteProcessMemory request was completed. (0x12B)
[1211/175137.365:ERROR:process_memory_win.cc(73)] ReadMemory at 0x7ffcd924b458 of 512 bytes failed: Only part of a ReadProcessMemory or WriteProcessMemory request was completed. (0x12B)
[1211/175137.366:ERROR:process_memory_win.cc(73)] ReadMemory at 0x7ffd3d09b6d0 of 512 bytes failed: Only part of a ReadProcessMemory or WriteProcessMemory request was completed. (0x12B)
[1211/175137.366:ERROR:process_memory_win.cc(73)] ReadMemory at 0x7ffd3fcfc0c4 of 672 bytes failed: Only part of a ReadProcessMemory or WriteProcessMemory request was completed. (0x12B)
[1211/175137.366:ERROR:process_memory_win.cc(73)] ReadMemory at 0x7ffd3fcfc6c4 of 512 bytes failed: Only part of a ReadProcessMemory or WriteProcessMemory request was completed. (0x12B)
[1211/175137.366:ERROR:process_memory_win.cc(73)] ReadMemory at 0x7ffd3fcff974 of 608 bytes failed: Only part of a ReadProcessMemory or WriteProcessMemory request was completed. (0x12B)
[1211/175137.366:ERROR:process_memory_win.cc(73)] ReadMemory at 0x7ffd3fd8c428 of 18 bytes failed: Only part of a ReadProcessMemory or WriteProcessMemory request was completed. (0x12B)
[1211/175137.366:ERROR:process_memory_win.cc(73)] ReadMemory at 0x7ffd3fdbf4f8 of 40 bytes failed: Only part of a ReadProcessMemory or WriteProcessMemory request was completed. (0x12B)
[1211/175137.366:ERROR:process_memory_win.cc(73)] ReadMemory at 0x7ffd3fdbf978 of 48 bytes failed: Only part of a ReadProcessMemory or WriteProcessMemory request was completed. (0x12B)
[1211/175137.366:ERROR:process_memory_win.cc(73)] ReadMemory at 0x7ffd3fdc53c0 of 64 bytes failed: Only part of a ReadProcessMemory or WriteProcessMemory request was completed. (0x12B)
[1211/175137.367:ERROR:scoped_process_suspend.cc(40)] NtResumeProcess: An attempt was made to access an exiting process. (0xc000010a)
